[    0.000000] Initializing cgroup subsys cpuset
[    0.000000] Initializing cgroup subsys cpu
[    0.000000] Initializing cgroup subsys cpuacct
[    0.000000] Linux version 4.4.0-146-generic (buildd@lcy01-amd64-025) (gcc version 5.4.0 20160609 (Ubuntu 5.4.0-6ubuntu1~16.04.10) ) #172-Ubuntu SMP Wed Apr 3 09:00:08 UTC 2019 (Ubuntu 4.4.0-146.172-generic 4.4.177)
[    0.000000] Command line: BOOT_IMAGE=/boot/vmlinuz-4.4.0-146-generic root=LABEL=cloudimg-rootfs ro console=tty1 console=ttyS0
[    0.000000] KERNEL supported cpus:
[    0.000000]   Intel GenuineIntel
[    0.000000]   AMD AuthenticAMD
[    0.000000]   Centaur CentaurHauls
[    0.000000] x86/fpu: Legacy x87 FPU detected.
[    0.000000] e820: BIOS-provided physical RAM map:
[    0.000000] BIOS-e820: [mem 0x0000000000000000-0x000000000009fbff] usable
[    0.000000] BIOS-e820: [mem 0x000000000009fc00-0x000000000009ffff] reserved
[    0.000000] BIOS-e820: [mem 0x00000000000f0000-0x00000000000fffff] reserved
[    0.000000] BIOS-e820: [mem 0x0000000000100000-0x000000003ffeffff] usable
[    0.000000] BIOS-e820: [mem 0x000000003fff0000-0x000000003fffffff] ACPI data
[    0.000000] BIOS-e820: [mem 0x00000000fec00000-0x00000000fec00fff] reserved
[    0.000000] BIOS-e820: [mem 0x00000000fee00000-0x00000000fee00fff] reserved
[    0.000000] BIOS-e820: [mem 0x00000000fffc0000-0x00000000ffffffff] reserved
[    0.000000] NX (Execute Disable) protection: active
[    0.000000] SMBIOS 2.5 present.
[    0.000000] Hypervisor detected: KVM
[    0.000000] e820: last_pfn = 0x3fff0 max_arch_pfn = 0x400000000
[    0.000000] MTRR: Disabled
[    0.000000] x86/PAT: MTRRs disabled, skipping PAT initialization too.
[    0.000000] CPU MTRRs all blank - virtualized system.
[    0.000000] x86/PAT: Configuration [0-7]: WB  WT  UC- UC  WB  WT  UC- UC  
[    0.000000] found SMP MP-table at [mem 0x0009fff0-0x0009ffff] mapped at [ffff88000009fff0]
[    0.000000] Scanning 1 areas for low memory corruption
[    0.000000] RAMDISK: [mem 0x362fa000-0x37174fff]
[    0.000000] ACPI: Early table checksum verification disabled
[    0.000000] ACPI: RSDP 0x00000000000E0000 000024 (v02 VBOX  )
[    0.000000] ACPI: XSDT 0x000000003FFF0030 00003C (v01 VBOX   VBOXXSDT 00000001 ASL  00000061)
[    0.000000] ACPI: FACP 0x000000003FFF00F0 0000F4 (v04 VBOX   VBOXFACP 00000001 ASL  00000061)
[    0.000000] ACPI: DSDT 0x000000003FFF0470 0022EA (v02 VBOX   VBOXBIOS 00000002 INTL 20100528)
[    0.000000] ACPI: FACS 0x000000003FFF0200 000040
[    0.000000] ACPI: FACS 0x000000003FFF0200 000040
[    0.000000] ACPI: APIC 0x000000003FFF0240 00005C (v02 VBOX   VBOXAPIC 00000001 ASL  00000061)
[    0.000000] ACPI: SSDT 0x000000003FFF02A0 0001CC (v01 VBOX   VBOXCPUT 00000002 INTL 20100528)
[    0.000000] No NUMA configuration found
[    0.000000] Faking a node at [mem 0x0000000000000000-0x000000003ffeffff]
[    0.000000] NODE_DATA(0) allocated [mem 0x3ffeb000-0x3ffeffff]
[    0.000000] kvm-clock: Using msrs 4b564d01 and 4b564d00
[    0.000000] kvm-clock: cpu 0, msr 0:3ffe3001, primary cpu clock
[    0.000000] kvm-clock: using sched offset of 7350719573 cycles
[    0.000000] clocksource: kvm-clock: mask: 0xffffffffffffffff max_cycles: 0x1cd42e4dffb, max_idle_ns: 881590591483 ns
[    0.000000] Zone ranges:
[    0.000000]   DMA      [mem 0x0000000000001000-0x0000000000ffffff]
[    0.000000]   DMA32    [mem 0x0000000001000000-0x000000003ffeffff]
[    0.000000]   Normal   empty
[    0.000000]   Device   empty
[    0.000000] Movable zone start for each node
[    0.000000] Early memory node ranges
[    0.000000]   node   0: [mem 0x0000000000001000-0x000000000009efff]
[    0.000000]   node   0: [mem 0x0000000000100000-0x000000003ffeffff]
[    0.000000] Initmem setup node 0 [mem 0x0000000000001000-0x000000003ffeffff]
[    0.000000] ACPI: PM-Timer IO Port: 0x4008
[    0.000000] IOAPIC[0]: apic_id 2, version 32, address 0xfec00000, GSI 0-23
[    0.000000] ACPI: INT_SRC_OVR (bus 0 bus_irq 0 global_irq 2 dfl dfl)
[    0.000000] ACPI: INT_SRC_OVR (bus 0 bus_irq 9 global_irq 9 low level)
[    0.000000] Using ACPI (MADT) for SMP configuration information
[    0.000000] smpboot: Allowing 2 CPUs, 0 hotplug CPUs
[    0.000000] PM: Registered nosave memory: [mem 0x00000000-0x00000fff]
[    0.000000] PM: Registered nosave memory: [mem 0x0009f000-0x0009ffff]
[    0.000000] PM: Registered nosave memory: [mem 0x000a0000-0x000effff]
[    0.000000] PM: Registered nosave memory: [mem 0x000f0000-0x000fffff]
[    0.000000] e820: [mem 0x40000000-0xfebfffff] available for PCI devices
[    0.000000] Booting paravirtualized kernel on KVM
[    0.000000] clocksource: refined-jiffies: mask: 0xffffffff max_cycles: 0xffffffff, max_idle_ns: 7645519600211568 ns
[    0.000000] setup_percpu: NR_CPUS:512 nr_cpumask_bits:512 nr_cpu_ids:2 nr_node_ids:1
[    0.000000] PERCPU: Embedded 34 pages/cpu @ffff88003fc00000 s99480 r8192 d31592 u1048576
[    0.000000] Built 1 zonelists in Node order, mobility grouping on.  Total pages: 257912
[    0.000000] Policy zone: DMA32
[    0.000000] Kernel command line: BOOT_IMAGE=/boot/vmlinuz-4.4.0-146-generic root=LABEL=cloudimg-rootfs ro console=tty1 console=ttyS0
[    0.000000] PID hash table entries: 4096 (order: 3, 32768 bytes)
[    0.000000] Memory: 997732K/1048120K available (8609K kernel code, 1334K rwdata, 4028K rodata, 1484K init, 1284K bss, 50388K reserved, 0K cma-reserved)
[    0.000000] SLUB: HWalign=64, Order=0-3, MinObjects=0, CPUs=2, Nodes=1
[    0.000000] Kernel/User page tables isolation: enabled
[    0.000000] Hierarchical RCU implementation.
[    0.000000] 	Build-time adjustment of leaf fanout to 64.
[    0.000000] 	RCU restricting CPUs from NR_CPUS=512 to nr_cpu_ids=2.
[    0.000000] RCU: Adjusting geometry for rcu_fanout_leaf=64, nr_cpu_ids=2
[    0.000000] NR_IRQS:33024 nr_irqs:440 16
[    0.000000] Console: colour VGA+ 80x25
[    0.000000] console [tty1] enabled
[    0.000000] console [ttyS0] enabled
[    0.000000] tsc: Detected 1599.949 MHz processor
[    0.483322] Calibrating delay loop (skipped) preset value.. 3199.89 BogoMIPS (lpj=6399796)
[    0.488565] pid_max: default: 32768 minimum: 301
[    0.492968] ACPI: Core revision 20150930
[    0.497793] ACPI: 2 ACPI AML tables successfully acquired and loaded
[    0.501346] Security Framework initialized
[    0.503827] Yama: becoming mindful.
[    0.506070] AppArmor: AppArmor initialized
[    0.508861] Dentry cache hash table entries: 131072 (order: 8, 1048576 bytes)
[    0.519969] Inode-cache hash table entries: 65536 (order: 7, 524288 bytes)
[    0.524066] Mount-cache hash table entries: 2048 (order: 2, 16384 bytes)
[    0.527540] Mountpoint-cache hash table entries: 2048 (order: 2, 16384 bytes)
[    0.531889] Initializing cgroup subsys io
[    0.534340] Initializing cgroup subsys memory
[    0.537026] Initializing cgroup subsys devices
[    0.539686] Initializing cgroup subsys freezer
[    0.542449] Initializing cgroup subsys net_cls
[    0.544883] Initializing cgroup subsys perf_event
[    0.547719] Initializing cgroup subsys net_prio
[    0.550455] Initializing cgroup subsys hugetlb
[    0.553029] Initializing cgroup subsys pids
[    0.560952] mce: CPU supports 0 MCE banks
[    0.563383] Last level iTLB entries: 4KB 48, 2MB 0, 4MB 0
[    0.566191] Last level dTLB entries: 4KB 256, 2MB 16, 4MB 16, 1GB 0
[    0.569478] Spectre V2 : Mitigation: Full generic retpoline
[    0.572449] Spectre V2 : Spectre v2 / SpectreRSB mitigation: Filling RSB on context switch
[    0.584785] Freeing SMP alternatives memory: 36K
[    0.603195] ftrace: allocating 32287 entries in 127 pages
[    0.749896] smpboot: APIC(0) Converting physical 0 to logical package 0
[    0.753289] smpboot: Max logical packages: 1
[    0.756507] x2apic enabled
[    0.759016] Switched APIC routing to physical x2apic.
[    0.764773] ..TIMER: vector=0x30 apic1=0 pin1=2 apic2=-1 pin2=-1
[    0.873576] smpboot: CPU0: Intel(R) Celeron(R) CPU  N3060  @ 1.60GHz (family: 0x6, model: 0x4c, stepping: 0x4)
[    0.879302] Performance Events: unsupported p6 CPU model 76 no PMU driver, software events only.
[    0.902217] KVM setup paravirtual spinlock
[    0.906396] x86: Booting SMP configuration:
[    0.908864] .... node  #0, CPUs:      #1
[    0.911507] kvm-clock: cpu 1, msr 0:3ffe3041, secondary cpu clock
[    0.934676] mce: CPU supports 0 MCE banks
[    0.950152] x86: Booted up 1 node, 2 CPUs
[    0.953140] smpboot: Total of 2 processors activated (6399.79 BogoMIPS)
[    0.957665] devtmpfs: initialized
[    0.965046] evm: security.selinux
[    0.967101] evm: security.SMACK64
[    0.969361] evm: security.SMACK64EXEC
[    0.971570] evm: security.SMACK64TRANSMUTE
[    0.973887] evm: security.SMACK64MMAP
[    0.976088] evm: security.ima
[    0.977942] evm: security.capability
[    0.980512] clocksource: jiffies: mask: 0xffffffff max_cycles: 0xffffffff, max_idle_ns: 7645041785100000 ns
[    0.985919] futex hash table entries: 512 (order: 3, 32768 bytes)
[    0.989630] pinctrl core: initialized pinctrl subsystem
[    0.992826] RTC time: 13:50:14, date: 05/04/19
[    0.995723] NET: Registered protocol family 16
[    1.009513] cpuidle: using governor ladder
[    1.021359] cpuidle: using governor menu
[    1.023655] PCCT header not found.
[    1.026231] ACPI: bus type PCI registered
[    1.028472] acpiphp: ACPI Hot Plug PCI Controller Driver version: 0.5
[    1.032002] PCI: Using configuration type 1 for base access
[    1.051789] ACPI: Added _OSI(Module Device)
[    1.054348] ACPI: Added _OSI(Processor Device)
[    1.057027] ACPI: Added _OSI(3.0 _SCP Extensions)
[    1.059614] ACPI: Added _OSI(Processor Aggregator Device)
[    1.064061] ACPI: Executed 1 blocks of module-level executable AML code
[    1.072309] ACPI: Interpreter enabled
[    1.074530] ACPI: (supports S0 S5)
[    1.076694] ACPI: Using IOAPIC for interrupt routing
[    1.079884] PCI: Using host bridge windows from ACPI; if necessary, use "pci=nocrs" and report a bug
[    1.094132] ACPI: PCI Root Bridge [PCI0] (domain 0000 [bus 00-ff])
[    1.097430] acpi PNP0A03:00: _OSC: OS supports [ASPM ClockPM Segments MSI]
[    1.101799] acpi PNP0A03:00: _OSC: not requesting OS control; OS requires [ExtendedConfig ASPM ClockPM MSI]
[    1.106916] acpi PNP0A03:00: fail to add MMCONFIG information, can't access extended PCI configuration space under this bridge.
[    1.113697] PCI host bridge to bus 0000:00
[    1.116232] pci_bus 0000:00: root bus resource [io  0x0000-0x0cf7 window]
[    1.120181] pci_bus 0000:00: root bus resource [io  0x0d00-0xffff window]
[    1.127678] pci_bus 0000:00: root bus resource [mem 0x000a0000-0x000bffff window]
[    1.138667] pci_bus 0000:00: root bus resource [mem 0x40000000-0xfdffffff window]
[    1.147981] pci_bus 0000:00: root bus resource [bus 00-ff]
[    1.159948] pci 0000:00:01.1: legacy IDE quirk: reg 0x10: [io  0x01f0-0x01f7]
[    1.163918] pci 0000:00:01.1: legacy IDE quirk: reg 0x14: [io  0x03f6]
[    1.168144] pci 0000:00:01.1: legacy IDE quirk: reg 0x18: [io  0x0170-0x0177]
[    1.174215] pci 0000:00:01.1: legacy IDE quirk: reg 0x1c: [io  0x0376]
[    1.251871] pci 0000:00:07.0: quirk: [io  0x4000-0x403f] claimed by PIIX4 ACPI
[    1.256685] pci 0000:00:07.0: quirk: [io  0x4100-0x410f] claimed by PIIX4 SMB
[    1.304775] ACPI: PCI Interrupt Link [LNKA] (IRQs 5 9 10 *11)
[    1.309652] ACPI: PCI Interrupt Link [LNKB] (IRQs 5 9 *10 11)
[    1.314302] ACPI: PCI Interrupt Link [LNKC] (IRQs 5 *9 10 11)
[    1.319011] ACPI: PCI Interrupt Link [LNKD] (IRQs 5 9 10 *11)
[    1.323341] ACPI: Enabled 2 GPEs in block 00 to 07
[    1.329906] vgaarb: setting as boot device: PCI:0000:00:02.0
[    1.334718] vgaarb: device added: PCI:0000:00:02.0,decodes=io+mem,owns=io+mem,locks=none
[    1.375379] vgaarb: loaded
[    1.377270] vgaarb: bridge control possible 0000:00:02.0
[    1.380949] SCSI subsystem initialized
[    1.383872] ACPI: bus type USB registered
[    1.386278] usbcore: registered new interface driver usbfs
[    1.389499] usbcore: registered new interface driver hub
[    1.392383] usbcore: registered new device driver usb
[    1.395906] PCI: Using ACPI for IRQ routing
[    1.399392] NetLabel: Initializing
[    1.402552] NetLabel:  domain hash size = 128
[    1.406296] NetLabel:  protocols = UNLABELED CIPSOv4
[    1.410051] NetLabel:  unlabeled traffic allowed by default
[    1.414562] amd_nb: Cannot enumerate AMD northbridges
[    1.417492] clocksource: Switched to clocksource kvm-clock
[    1.456874] AppArmor: AppArmor Filesystem Enabled
[    1.461037] pnp: PnP ACPI init
[    1.465889] pnp: PnP ACPI: found 3 devices
[    1.486802] clocksource: acpi_pm: mask: 0xffffff max_cycles: 0xffffff, max_idle_ns: 2085701024 ns
[    1.494627] NET: Registered protocol family 2
[    1.499384] TCP established hash table entries: 8192 (order: 4, 65536 bytes)
[    1.505081] TCP bind hash table entries: 8192 (order: 5, 131072 bytes)
[    1.508951] TCP: Hash tables configured (established 8192 bind 8192)
[    1.512285] UDP hash table entries: 512 (order: 2, 16384 bytes)
[    1.515360] UDP-Lite hash table entries: 512 (order: 2, 16384 bytes)
[    1.521257] NET: Registered protocol family 1
[    1.524207] pci 0000:00:00.0: Limiting direct PCI/PCI transfers
[    1.531288] pci 0000:00:01.0: Activating ISA DMA hang workarounds
[    1.536871] Unpacking initramfs...
[    2.068315] Freeing initrd memory: 14828K
[    2.071380] platform rtc_cmos: registered platform RTC device (no PNP device found)
[    2.076010] Scanning for low memory corruption every 60 seconds
[    2.080245] audit: initializing netlink subsys (disabled)
[    2.083412] audit: type=2000 audit(1556977823.527:1): initialized
[    2.087031] Initialise system trusted keyring
[    2.090078] HugeTLB registered 2 MB page size, pre-allocated 0 pages
[    2.095914] zbud: loaded
[    2.098535] VFS: Disk quotas dquot_6.6.0
[    2.100777] VFS: Dquot-cache hash table entries: 512 (order 0, 4096 bytes)
[    2.105008] squashfs: version 4.0 (2009/01/31) Phillip Lougher
[    2.108896] fuse init (API version 7.23)
[    2.111595] Key type big_key registered
[    2.113838] Allocating IMA MOK and blacklist keyrings.
[    2.119066] Key type asymmetric registered
[    2.121472] Asymmetric key parser 'x509' registered
[    2.124502] Block layer SCSI generic (bsg) driver version 0.4 loaded (major 249)
[    2.129085] io scheduler noop registered
[    2.131548] io scheduler deadline registered (default)
[    2.134389] io scheduler cfq registered
[    2.136812] pci_hotplug: PCI Hot Plug PCI Core version: 0.5
[    2.139817] pciehp: PCI Express Hot Plug Controller Driver version: 0.4
[    2.143483] ACPI: AC Adapter [AC] (on-line)
[    2.145863] input: Power Button as /devices/LNXSYSTM:00/LNXPWRBN:00/input/input0
[    2.150312] ACPI: Power Button [PWRF]
[    2.152739] input: Sleep Button as /devices/LNXSYSTM:00/LNXSLPBN:00/input/input1
[    2.157125] ACPI: Sleep Button [SLPF]
[    2.160169] GHES: HEST is not enabled!
[    2.162400] ACPI: Battery Slot [BAT0] (battery present)
[    2.166538] Serial: 8250/16550 driver, 32 ports, IRQ sharing enabled
[    2.191585] 00:02: ttyS0 at I/O 0x3f8 (irq = 4, base_baud = 115200) is a 16550A
[    2.201727] Linux agpgart interface v0.103
[    2.208470] loop: module loaded
[    2.212071] scsi host0: ata_piix
[    2.214429] scsi host1: ata_piix
[    2.216595] ata1: PATA max UDMA/33 cmd 0x1f0 ctl 0x3f6 bmdma 0xd000 irq 14
[    2.220064] ata2: PATA max UDMA/33 cmd 0x170 ctl 0x376 bmdma 0xd008 irq 15
[    2.223677] libphy: Fixed MDIO Bus: probed
[    2.227383] tun: Universal TUN/TAP device driver, 1.6
[    2.230123] tun: (C) 1999-2004 Max Krasnyansky <maxk@qualcomm.com>
[    2.233753] PPP generic driver version 2.4.2
[    2.236330] ehci_hcd: USB 2.0 'Enhanced' Host Controller (EHCI) Driver
[    2.239927] ehci-pci: EHCI PCI platform driver
[    2.242392] ehci-platform: EHCI generic platform driver
[    2.245098] ohci_hcd: USB 1.1 'Open' Host Controller (OHCI) Driver
[    2.248364] ohci-pci: OHCI PCI platform driver
[    2.250803] ohci-platform: OHCI generic platform driver
[    2.253453] uhci_hcd: USB Universal Host Controller Interface driver
[    2.256783] i8042: PNP: PS/2 Controller [PNP0303:PS2K,PNP0f03:PS2M] at 0x60,0x64 irq 1,12
[    2.262770] serio: i8042 KBD port at 0x60,0x64 irq 1
[    2.265337] serio: i8042 AUX port at 0x60,0x64 irq 12
[    2.268604] mousedev: PS/2 mouse device common for all mice
[    2.272747] input: AT Translated Set 2 keyboard as /devices/platform/i8042/serio0/input/input2
[    2.278746] rtc_cmos rtc_cmos: rtc core: registered rtc_cmos as rtc0
[    2.282232] rtc_cmos rtc_cmos: alarms up to one day, 114 bytes nvram
[    2.285349] i2c /dev entries driver
[    2.287739] device-mapper: uevent: version 1.0.3
[    2.290633] device-mapper: ioctl: 4.34.0-ioctl (2015-10-28) initialised: dm-devel@redhat.com
[    2.295378] ledtrig-cpu: registered to indicate activity on CPUs
[    2.299823] NET: Registered protocol family 10
[    2.303126] NET: Registered protocol family 17
[    2.305640] Key type dns_resolver registered
[    2.309367] registered taskstats version 1
[    2.311851] Loading compiled-in X.509 certificates
[    2.316203] Loaded X.509 cert 'Build time autogenerated kernel key: 4dcb2dc2c7cf43e0c20c44384f68683c20294489'
[    2.321781] zswap: loaded using pool lzo/zbud
[    2.329417] Key type trusted registered
[    2.341580] Key type encrypted registered
[    2.343882] AppArmor: AppArmor sha1 policy hashing enabled
[    2.346938] ima: No TPM chip found, activating TPM-bypass!
[    2.349750] ima: Allocated hash algorithm: sha1
[    2.352503] evm: HMAC attrs: 0x1
[    2.356410]   Magic number: 3:459:836
[    2.359502] rtc_cmos rtc_cmos: setting system clock to 2019-05-04 13:50:15 UTC (1556977815)
[    2.364584] BIOS EDD facility v0.16 2004-Jun-25, 0 devices found
[    2.367908] EDD information not available.
[    2.384900] Freeing unused kernel memory: 1484K
[    2.394602] Write protecting the kernel read-only data: 14336k
[    2.402249] Freeing unused kernel memory: 1620K
[    2.406480] Freeing unused kernel memory: 68K
Loading, please wait...
starting version 229
[    2.487011] random: udevadm: uninitialized urandom read (16 bytes read, 3 bits of entropy available)
[    2.489494] random: systemd-udevd: uninitialized urandom read (16 bytes read, 3 bits of entropy available)
[    2.489831] random: systemd-udevd: uninitialized urandom read (16 bytes read, 3 bits of entropy available)
[    2.489873] random: systemd-udevd: uninitialized urandom read (16 bytes read, 3 bits of entropy available)
[    2.489922] random: systemd-udevd: uninitialized urandom read (16 bytes read, 3 bits of entropy available)
[    2.523839] random: udevadm: uninitialized urandom read (16 bytes read, 3 bits of entropy available)
[    2.558062] random: systemd-udevd: uninitialized urandom read (16 bytes read, 3 bits of entropy available)
[    2.568760] random: systemd-udevd: uninitialized urandom read (16 bytes read, 3 bits of entropy available)
[    2.574522] random: systemd-udevd: uninitialized urandom read (16 bytes read, 3 bits of entropy available)
[    2.581444] random: systemd-udevd: uninitialized urandom read (16 bytes read, 3 bits of entropy available)
[    2.747510] e1000: Intel(R) PRO/1000 Network Driver - version 7.3.21-k8-NAPI
[    2.753215] e1000: Copyright (c) 1999-2006 Intel Corporation.
[    2.776423] Fusion MPT base driver 3.04.20
[    2.784732] Copyright (c) 1999-2008 LSI Corporation
[    2.805960] Fusion MPT SPI Host driver 3.04.20
[    2.934501] SSE version of gcm_enc/dec engaged.
[    3.033466] input: ImExPS/2 Generic Explorer Mouse as /devices/platform/i8042/serio1/input/input4
[    3.071636] tsc: Refined TSC clocksource calibration: 1599.779 MHz
[    3.077145] clocksource: tsc: mask: 0xffffffffffffffff max_cycles: 0x170f543183f, max_idle_ns: 440795286368 ns
[    3.426192] e1000 0000:00:03.0 eth0: (PCI:33MHz:32-bit) 02:ff:01:e3:7b:4e
[    3.430022] e1000 0000:00:03.0 eth0: Intel(R) PRO/1000 Network Connection
[    3.435148] mptbase: ioc0: Initiating bringup
[    3.498401] ioc0: LSI53C1030 A0: Capabilities={Initiator}
[    3.666377] scsi host2: ioc0: LSI53C1030 A0, FwRev=00000000h, Ports=1, MaxQ=256, IRQ=20
[    3.788310] scsi 2:0:0:0: Direct-Access     VBOX     HARDDISK         1.0  PQ: 0 ANSI: 5
[    3.813921] scsi target2:0:0: Beginning Domain Validation
[    3.842815] scsi target2:0:0: Domain Validation skipping write tests
[    3.892028] scsi target2:0:0: Ending Domain Validation
[    3.912096] scsi target2:0:0: asynchronous
[    3.966012] scsi 2:0:1:0: Direct-Access     VBOX     HARDDISK         1.0  PQ: 0 ANSI: 5
[    4.030486] scsi target2:0:1: Beginning Domain Validation
[    4.098834] scsi target2:0:1: Domain Validation skipping write tests
[    4.126303] scsi target2:0:1: Ending Domain Validation
[    4.259572] scsi target2:0:1: asynchronous
[    4.373782] sd 2:0:0:0: Attached scsi generic sg0 type 0
[    4.380680] sd 2:0:1:0: Attached scsi generic sg1 type 0
[    4.386672] sd 2:0:1:0: [sdb] 20480 512-byte logical blocks: (10.5 MB/10.0 MiB)
[    4.393933] sd 2:0:0:0: [sda] 20971520 512-byte logical blocks: (10.7 GB/10.0 GiB)
[    4.400738] sd 2:0:1:0: [sdb] Write Protect is off
[    4.404295] sd 2:0:0:0: [sda] Write Protect is off
[    4.408353] sd 2:0:0:0: [sda] Incomplete mode parameter data
[    4.413681] sd 2:0:0:0: [sda] Assuming drive cache: write through
[    4.418289] sd 2:0:1:0: [sdb] Incomplete mode parameter data
[    4.461624] sd 2:0:1:0: [sdb] Assuming drive cache: write through
[    4.497093]  sda: sda1
[    4.512941] sd 2:0:0:0: [sda] Attached SCSI disk
[    4.526280] sd 2:0:1:0: [sdb] Attached SCSI disk
[    4.877995] e1000 0000:00:08.0 eth1: (PCI:33MHz:32-bit) 08:00:27:04:c7:c3
[    4.881685] e1000 0000:00:08.0 eth1: Intel(R) PRO/1000 Network Connection
[    4.887933] e1000 0000:00:08.0 enp0s8: renamed from eth1
[    4.913766] e1000 0000:00:03.0 enp0s3: renamed from eth0
Begin: Loading essential drivers ... [    7.381174] md: linear personality registered for level -1
[    7.397767] md: multipath personality registered for level -4
[    7.412147] md: raid0 personality registered for level 0
[    7.431180] md: raid1 personality registered for level 1
[    7.513827] raid6: sse2x1   gen()   728 MB/s
[    7.586020] raid6: sse2x1   xor()  2455 MB/s
[    7.657653] raid6: sse2x2   gen()   430 MB/s
[    7.725850] raid6: sse2x2   xor()  2652 MB/s
[    7.794248] raid6: sse2x4   gen()   667 MB/s
[    7.861710] raid6: sse2x4   xor()   869 MB/s
[    7.864085] raid6: using algorithm sse2x1 gen() 728 MB/s
[    7.867045] raid6: .... xor() 2455 MB/s, rmw enabled
[    7.869689] raid6: using ssse3x2 recovery algorithm
[    7.876032] xor: measuring software checksum speed
[    7.918025]    prefetch64-sse:  7934.000 MB/sec
[    7.958013]    generic_sse:  7285.000 MB/sec
[    7.960418] xor: using function: prefetch64-sse (7934.000 MB/sec)
[    7.967720] async_tx: api initialized (async)
[    7.994912] md: raid6 personality registered for level 6
[    7.999236] md: raid5 personality registered for level 5
[    8.002746] md: raid4 personality registered for level 4
[    8.023294] md: raid10 personality registered for level 10
done.
Begin: Running /scripts/init-premount ... done.
Begin: Mounting root file system ... Begin: Running /scripts/local-top ... done.
Begin: Running /scripts/local-premount ... [    8.115624] Btrfs loaded
Scanning for Btrfs filesystems
done.
Warning: fsck not present, so skipping root file system
[    8.390854] EXT4-fs (sda1): mounted filesystem with ordered data mode. Opts: (null)
done.
Begin: Running /scripts/local-bottom ... done.
Begin: Running /scripts/init-bottom ... done.
[    9.082558] random: nonblocking pool is initialized
[    9.854208] systemd[1]: systemd 229 running in system mode. (+PAM +AUDIT +SELINUX +IMA +APPARMOR +SMACK +SYSVINIT +UTMP +LIBCRYPTSETUP +GCRYPT +GNUTLS +ACL +XZ -LZ4 +SECCOMP +BLKID +ELFUTILS +KMOD -IDN)
[    9.864563] systemd[1]: Detected virtualization oracle.
[    9.869845] systemd[1]: Detected architecture x86-64.

Welcome to [1mUbuntu 16.04.6 LTS[0m!

[    9.961821] systemd[1]: Set hostname to <ubuntu-xenial>.
[   12.332440] systemd[1]: Reached target Encrypted Volumes.
[[0;32m  OK  [0m] Reached target Encrypted Volumes.
[   12.356099] systemd[1]: Started Forward Password Requests to Wall Directory Watch.
[[0;32m  OK  [0m] Started Forward Password Requests to Wall Directory Watch.
[   12.401458] systemd[1]: Listening on LVM2 metadata daemon socket.
[[0;32m  OK  [0m] Listening on LVM2 metadata daemon socket.
[   12.411018] systemd[1]: Listening on udev Control Socket.
[[0;32m  OK  [0m] Listening on udev Control Socket.
[   12.420639] systemd[1]: Created slice System Slice.
[[0;32m  OK  [0m] Created slice System Slice.
[   12.429490] systemd[1]: Created slice system-serial\x2dgetty.slice.
[[0;32m  OK  [0m] Created slice system-serial\x2dgetty.slice.
[   12.444087] systemd[1]: Set up automount Arbitrary Executable File Formats File System Automount Point.
[[0;32m  OK  [0m] Set up automount Arbitrary Executab...ats File System Automount Point.
[   12.456875] systemd[1]: Created slice User and Session Slice.
[[0;32m  OK  [0m] Created slice User and Session Slice.
[   12.467138] systemd[1]: Started Trigger resolvconf update for networkd DNS.
[[0;32m  OK  [0m] Started Trigger resolvconf update for networkd DNS.
[   12.479654] systemd[1]: Reached target System Time Synchronized.
[[0;32m  OK  [0m] Reached target System Time Synchronized.
[   12.494886] systemd[1]: Listening on Journal Socket.
[[0;32m  OK  [0m] Listening on Journal Socket.
[   12.522240] systemd[1]: Starting Set console keymap...
         Starting Set console keymap...
[   12.533821] systemd[1]: Starting Uncomplicated firewall...
         Starting Uncomplicated firewall...
[   12.548835] systemd[1]: Starting Remount Root and Kernel File Systems...
         Starting Remount Root and Kernel File Systems...
[   12.561421] systemd[1]: Mounting Debug File System...
         Mounting Debug File System...
[   12.575667] systemd[1]: Starting Create list of required static device nodes for the current kernel...
         Starting Create list of required st... nodes for the current kernel...
[   12.646334] systemd[1]: Starting Load Kernel Modules...
         Starting Load Kernel Modules...
[   12.678050] systemd[1]: Listening on /dev/initctl Compatibility Named Pipe.
[[0;32m  OK  [0m] Listening on /dev/initctl Compatibility Named Pipe.
[   12.687860] systemd[1]: Listening on Syslog Socket.
[[0;32m  OK  [0m] Listening on Syslog Socket.
[   12.695461] systemd[1]: Listening on Journal Socket (/dev/log).
[[0;32m  OK  [0m] Listening on Journal Socket (/dev/log).
[   12.704409] systemd[1]: Reached target User and Group Name Lookups.
[[0;32m  OK  [0m] Reached target User and Group Name Lookups.
[   12.716060] systemd[1]: Reached target Slices.
[[0;32m  OK  [0m] Reached target Slices.
[   12.723386] systemd[1]: Reached target Swap.
[[0;32m  OK  [0m] Reached target Swap.
[   12.755038] systemd[1]: Mounting POSIX Message Queue File System...
         Mounting POSIX Message Queue File System...
[   12.768510] systemd[1]: Listening on Device-mapper event daemon FIFOs.
[[0;32m  OK  [0m] Listening on Device-mapper event daemon FIFOs.
[   12.778145] systemd[1]: Listening on udev Kernel Socket.
[[0;32m  OK  [0m] Listening on udev Kernel Socket.
[   12.806748] systemd[1]: Starting Nameserver information manager...
         Starting Nameserver information manager...
[   12.817433] systemd[1]: Starting Monitoring of LVM2 mirrors, snapshots etc. using dmeventd or progress polling...
         Starting Monitoring of LVM2 mirrors... dmeventd or progress polling...
[   12.835941] systemd[1]: Mounting Huge Pages File System...
[   12.841959] EXT4-fs (sda1): re-mounted. Opts: (null)
         Mounting Huge Pages File System...
[   12.854071] systemd[1]: Listening on Journal Audit Socket.
[[0;32m  OK  [0m] Listening on Journal Audit Socket.
[   12.873755] Loading iSCSI transport class v2.0-870.
[   12.878668] systemd[1]: Starting Journal Service...
         Starting Journal Service...
[   12.901615] systemd[1]: Listening on LVM2 poll daemon socket.
[[0;32m  OK  [0m] Listening on LVM2 poll daemon socket.
[   12.915276] systemd[1]: Mounted Debug File System.
[[0;32m  OK  [0m] Mounted Debug File System.
[   12.924502] systemd[1]: Mounted Huge Pages File System.
[[0;32m  OK  [0m] Mounted Huge Pages File System.
[   12.933653] systemd[1]: Mounted POSIX Message Queue File System.
[[0;32m  OK  [0m] Mounted POSIX Message Queue File System.
[   12.945252] systemd[1]: Started Uncomplicated firewall.
[[0;32m  OK  [0m] Started Uncomplicated firewall.
[   12.953299] systemd[1]: Started Remount Root and Kernel File Systems.
[[0;32m  OK  [0m] Started Remount Root and Kernel File Systems.
[   12.966479] systemd[1]: Started Create list of required static device nodes for the current kernel.
[[0;32m  OK  [0m] Started Create list of required sta...ce nodes for the current kernel.
[   13.110740] systemd[1]: Started Nameserver information manager.
[[0;32m  OK  [0m] Started Nameserver information manager.
[   13.186154] systemd[1]: Starting Create Static Device Nodes in /dev...
         Starting Create Static Device Nodes in /dev...
[   13.282379] systemd[1]: Starting udev Coldplug all Devices...
         Starting udev Coldplug all Devices...
[   13.298404] systemd[1]: Starting Load/Save Random Seed...
         Starting Load/Save Random Seed...
[   13.312897] iscsi: registered transport (tcp)
[   13.338266] systemd[1]: Started LVM2 metadata daemon.
[[0;32m  OK  [0m] Started LVM2 metadata daemon.
[   13.448290] systemd[1]: Started Set console keymap.
[[0;32m  OK  [0m] Started Set console keymap.
[   13.571842] systemd[1]: Started Load/Save Random Seed.
[[0;32m  OK  [0m] Started Load/Save Random Seed.
[   13.614068] systemd[1]: Started udev Coldplug all Devices.
[[0;32m  OK  [0m] Started udev Coldplug all Devices.
[   13.667940] systemd[1]: Started Journal Service.
[[0;32m  OK  [0m] Started Journal Service.
         Starting Flush Journal to Persistent Storage...
[   13.766066] iscsi: registered transport (iser)
[[0;32m  OK  [0m] Started Load Kernel Modules.
         Mounting FUSE Control File System...
         Starting Apply Kernel Variables...
[[0;32m  OK  [0m] Mounted FUSE Control File System.
[   13.851695] systemd-journald[404]: Received request to flush runtime journal from PID 1
[[0;32m  OK  [0m] Started Flush Journal to Persistent Storage.
[[0;32m  OK  [0m] Started Monitoring of LVM2 mirrors,...ng dmeventd or progress polling.
[[0;32m  OK  [0m] Started Apply Kernel Variables.
[[0;32m  OK  [0m] Started Create Static Device Nodes in /dev.
         Starting udev Kernel Device Manager...
[[0;32m  OK  [0m] Reached target Local File Systems (Pre).
[[0;32m  OK  [0m] Reached target Local File Systems.
         Starting Set console font and keymap...
         Starting Create Volatile Files and Directories...
         Starting LSB: AppArmor initialization...
         Starting Initial cloud-init job (pre-networking)...
         Starting Tell Plymouth To Write Out Runtime Data...
[[0;32m  OK  [0m] Started Tell Plymouth To Write Out Runtime Data.
[[0;32m  OK  [0m] Started Create Volatile Files and Directories.
         Starting Update UTMP about System Boot/Shutdown...
[[0;32m  OK  [0m] Started Update UTMP about System Boot/Shutdown.
[[0;32m  OK  [0m] Started udev Kernel Device Manager.
[[0;32m  OK  [0m] Started Dispatch Password Requests to Console Directory Watch.
[[0;32m  OK  [0m] Found device /dev/ttyS0.
[[0;32m  OK  [0m] Listening on Load/Save RF Kill Switch Status /dev/rfkill Watch.
[[0;32m  OK  [0m] Started Set console font and keymap.
[[0;32m  OK  [0m] Created slice system-getty.slice.
[[0;32m  OK  [0m] Found device 82540EM Gigabit Ethern...r (PRO/1000 MT Desktop Adapter).
[[0;32m  OK  [0m] Started LSB: AppArmor initialization.
[[0;32m  OK  [0m] Found device 82540EM Gigabit Ethern...r (PRO/1000 MT Desktop Adapter).
[   24.297847] cloud-init[476]: Cloud-init v. 18.5-45-g3554ffe8-0ubuntu1~16.04.1 running 'init-local' at Sat, 04 May 2019 13:50:36 +0000. Up 22.90 seconds.
[[0;32m  OK  [0m] Started Initial cloud-init job (pre-networking).
[[0;32m  OK  [0m] Reached target Network (Pre).
         Starting Raise network interfaces...
[[0;32m  OK  [0m] Started ifup for enp0s3.
[[0;32m  OK  [0m] Started ifup for enp0s8.
[[0;32m  OK  [0m] Started Raise network interfaces.
[[0;32m  OK  [0m] Reached target Network.
         Starting Initial cloud-init job (metadata service crawler)...
[   28.069081] cloud-init[1080]: Cloud-init v. 18.5-45-g3554ffe8-0ubuntu1~16.04.1 running 'init' at Sat, 04 May 2019 13:50:40 +0000. Up 26.55 seconds.
[   28.077913] cloud-init[1080]: ci-info: ++++++++++++++++++++++++++++++++++++++Net device info+++++++++++++++++++++++++++++++++++++++
[   28.086114] cloud-init[1080]: ci-info: +--------+------+-----------------------------+---------------+--------+-------------------+
[   28.097391] cloud-init[1080]: ci-info: | Device |  Up  |           Address           |      Mask     | Scope  |     Hw-Address    |
[   28.106301] cloud-init[1080]: ci-info: +--------+------+-----------------------------+---------------+--------+-------------------+
[   28.113419] cloud-init[1080]: ci-info: | enp0s3 | True |          10.0.2.15          | 255.255.255.0 | global | 02:ff:01:e3:7b:4e |
[   28.122705] cloud-init[1080]: ci-info: | enp0s3 | True |  fe80::ff:1ff:fee3:7b4e/64  |       .       |  link  | 02:ff:01:e3:7b:4e |
[   28.130801] cloud-init[1080]: ci-info: | enp0s8 | True |        192.168.33.11        | 255.255.255.0 | global | 08:00:27:04:c7:c3 |
[   28.139301] cloud-init[1080]: ci-info: | enp0s8 | True | fe80::a00:27ff:fe04:c7c3/64 |       .       |  link  | 08:00:27:04:c7:c3 |
[   28.166538] cloud-init[1080]: ci-info: |   lo   | True |          127.0.0.1          |   255.0.0.0   |  host  |         .         |
[   28.178500] cloud-init[1080]: ci-info: |   lo   | True |           ::1/128           |       .       |  host  |         .         |
[   28.190005] cloud-init[1080]: ci-info: +--------+------+-----------------------------+---------------+--------+-------------------+
[   28.197368] cloud-init[1080]: ci-info: ++++++++++++++++++++++++++++Route IPv4 info++++++++++++++++++++++++++++
[   28.208499] cloud-init[1080]: ci-info: +-------+--------------+----------+---------------+-----------+-------+
[   28.216145] cloud-init[1080]: ci-info: | Route | Destination  | Gateway  |    Genmask    | Interface | Flags |
[   28.230138] cloud-init[1080]: ci-info: +-------+--------------+----------+---------------+-----------+-------+
[   28.237054] cloud-init[1080]: ci-info: |   0   |   0.0.0.0    | 10.0.2.2 |    0.0.0.0    |   enp0s3  |   UG  |
[   28.243502] cloud-init[1080]: ci-info: |   1   |   10.0.2.0   | 0.0.0.0  | 255.255.255.0 |   enp0s3  |   U   |
[   28.251475] cloud-init[1080]: ci-info: |   2   | 192.168.33.0 | 0.0.0.0  | 255.255.255.0 |   enp0s8  |   U   |
[   28.258631] cloud-init[1080]: ci-info: +-------+--------------+----------+---------------+-----------+-------+
[   28.269302] cloud-init[1080]: ci-info: +++++++++++++++++++Route IPv6 info+++++++++++++++++++
[   28.280239] cloud-init[1080]: ci-info: +-------+-------------+---------+-----------+-------+
[   28.286689] cloud-init[1080]: ci-info: | Route | Destination | Gateway | Interface | Flags |
[   28.292864] cloud-init[1080]: ci-info: +-------+-------------+---------+-----------+-------+
[   28.299890] cloud-init[1080]: ci-info: |   0   |  fe80::/64  |    ::   |   enp0s8  |   U   |
[   28.307781] cloud-init[1080]: ci-info: |   1   |  fe80::/64  |    ::   |   enp0s3  |   U   |
[   28.314112] cloud-init[1080]: ci-info: |   6   |   ff00::/8  |    ::   |   enp0s8  |   U   |
[   28.320187] cloud-init[1080]: ci-info: |   7   |   ff00::/8  |    ::   |   enp0s3  |   U   |
[   28.325644] cloud-init[1080]: ci-info: +-------+-------------+---------+-----------+-------+
[[0;32m  OK  [0m] Started Initial cloud-init job (metadata service crawler).
[[0;32m  OK  [0m] Reached target Cloud-config availability.
[[0;32m  OK  [0m] Reached target Network is Online.
         Starting iSCSI initiator daemon (iscsid)...
[[0;32m  OK  [0m] Reached target System Initialization.
         Starting Socket activation for snappy daemon.
[[0;32m  OK  [0m] Listening on D-Bus System Message Bus Socket.
[[0;32m  OK  [0m] Started Clean PHP session files every 30 mins.
[[0;32m  OK  [0m] Listening on UUID daemon activation socket.
[[0;32m  OK  [0m] Started Daily Cleanup of Temporary Directories.
[[0;32m  OK  [0m] Started Daily apt download activities.
         Starting LXD - unix socket.
[[0;32m  OK  [0m] Started ACPI Events Check.
[[0;32m  OK  [0m] Reached target Paths.
[[0;32m  OK  [0m] Listening on ACPID Listen Socket.
[[0;32m  OK  [0m] Started Daily apt upgrade and clean activities.
[[0;32m  OK  [0m] Reached target Timers.
[[0;32m  OK  [0m] Listening on Socket activation for snappy daemon.
[[0;32m  OK  [0m] Listening on LXD - unix socket.
[[0;32m  OK  [0m] Started iSCSI initiator daemon (iscsid).
         Starting Login to default iSCSI targets...
[[0;32m  OK  [0m] Reached target Sockets.
[[0;32m  OK  [0m] Reached target Basic System.
         Starting Login Service...
         Starting /etc/rc.local Compatibility...
         Starting MySQL Community Server...
         Starting LSB: Record successful boot for GRUB...
         Starting LXD - container startup/shutdown...
         Starting Clean php session files...
         Starting System Logging Service...
         Starting The PHP 7.1 FastCGI Process Manager...
         Starting Virtualbox guest utils...
         Starting Accounts Service...
[[0;32m  OK  [0m] Started Regular background program processing daemon.
[[0;32m  OK  [0m] Started ACPI event daemon.
[[0;32m  OK  [0m] Started FUSE filesystem for LXC.
[[0;32m  OK  [0m] Started D-Bus System Message Bus.
         Starting OpenBSD Secure Shell server...
         Starting A high performance web server and a reverse proxy server...
         Starting LSB: MD monitoring daemon...
[[0;32m  OK  [0m] Started Deferred execution scheduler.
         Starting Snappy daemon...
[[0;32m  OK  [0m] Started /etc/rc.local Compatibility.
[[0;32m  OK  [0m] Started System Logging Service.
[[0;32m  OK  [0m] Started Login Service.
[[0;32m  OK  [0m] Started Unattended Upgrades Shutdown.
[[0;32m  OK  [0m] Started Login to default iSCSI targets.
[[0;32m  OK  [0m] Started LSB: Record successful boot for GRUB.
[[0;32m  OK  [0m] Reached target Remote File Systems (Pre).
[[0;32m  OK  [0m] Reached target Remote File Systems.
         Starting LSB: automatic crash report generation...
         Starting LSB: Set the CPU Frequency Scaling governor to "ondemand"...
         Starting Permit User Sessions...
         Starting LSB: daemon to balance interrupts for SMP systems...
[[0;32m  OK  [0m] Started LSB: Set the CPU Frequency Scaling governor to "ondemand".
[[0;32m  OK  [0m] Started LSB: MD monitoring daemon.
[[0;32m  OK  [0m] Started Permit User Sessions.
         Starting Terminate Plymouth Boot Screen...
         Starting Hold until boot process finishes up...
[[0;32m  OK  [0m] Started Hold until boot process finishes up.
[[0;32m  OK  [0m] Started Terminate Plymouth Boot Screen.
[[0;32m  OK  [0m] Started Getty on tty1.
[[0;32m  OK  [0m] Started Serial Getty on ttyS0.
[[0;32m  OK  [0m] Reached target Login Prompts.
         Starting Set console scheme...
[[0;32m  OK  [0m] Started Set console scheme.
[[0;32m  OK  [0m] Started LSB: daemon to balance interrupts for SMP systems.
[[0;32m  OK  [0m] Started LSB: automatic crash report generation.
[[0;32m  OK  [0m] Started Virtualbox guest utils.
         Starting Authenticate and Authorize Users to Run Privileged Tasks...
[[0;32m  OK  [0m] Started Authenticate and Authorize Users to Run Privileged Tasks.
[[0;32m  OK  [0m] Started Accounts Service.
[[0;32m  OK  [0m] Started OpenBSD Secure Shell server.

Ubuntu 16.04.6 LTS ubuntu-xenial ttyS0

ubuntu-xenial login: [   41.488555] cloud-init[1418]: Cloud-init v. 18.5-45-g3554ffe8-0ubuntu1~16.04.1 running 'modules:config' at Sat, 04 May 2019 13:50:54 +0000. Up 40.69 seconds.
[   49.326560] cloud-init[1652]: Cloud-init v. 18.5-45-g3554ffe8-0ubuntu1~16.04.1 running 'modules:final' at Sat, 04 May 2019 13:51:02 +0000. Up 48.72 seconds.
[   49.327844] cloud-init[1652]: Cloud-init v. 18.5-45-g3554ffe8-0ubuntu1~16.04.1 finished at Sat, 04 May 2019 13:51:03 +0000. Datasource DataSourceNoCloud [seed=/dev/sdb][dsmode=net].  Up 49.30 seconds
